Performing C SOURCE FILE Test CMAKE_HAVE_LIBC_PTHREAD failed with the following output:
Change Dir: /home/viktor/Viktor_Files/RPO_Files/libs/mbedtls/build/x86_64/CMakeFiles/CMakeTmp

Run Build Command(s):/usr/bin/make -f Makefile cmTC_b39a3/fast && /usr/bin/make  -f CMakeFiles/cmTC_b39a3.dir/build.make CMakeFiles/cmTC_b39a3.dir/build
make[1]: вход в каталог «/home/viktor/Viktor_Files/RPO_Files/libs/mbedtls/build/x86_64/CMakeFiles/CMakeTmp»
Building C object CMakeFiles/cmTC_b39a3.dir/src.c.o
/home/viktor/Android/Sdk/ndk/23.1.7779620/toolchains/llvm/prebuilt/linux-x86_64/bin/clang --target=x86_64-none-linux-android21 --sysroot=/home/viktor/Android/Sdk/ndk/23.1.7779620/toolchains/llvm/prebuilt/linux-x86_64/sysroot -DCMAKE_HAVE_LIBC_PTHREAD  -DANDROID -fdata-sections -ffunction-sections -funwind-tables -fstack-protector-strong -no-canonical-prefixes -D_FORTIFY_SOURCE=2 -Wformat -Werror=format-security -fexceptions -Wall -Wextra -Wwrite-strings -Wpointer-arith -Wimplicit-fallthrough -Wshadow -Wvla -Wformat=2 -Wno-format-nonliteral -Werror  -O2 -g -DNDEBUG -fPIE -MD -MT CMakeFiles/cmTC_b39a3.dir/src.c.o -MF CMakeFiles/cmTC_b39a3.dir/src.c.o.d -o CMakeFiles/cmTC_b39a3.dir/src.c.o -c /home/viktor/Viktor_Files/RPO_Files/libs/mbedtls/build/x86_64/CMakeFiles/CMakeTmp/src.c
/home/viktor/Viktor_Files/RPO_Files/libs/mbedtls/build/x86_64/CMakeFiles/CMakeTmp/src.c:13:3: error: implicit declaration of function 'pthread_cancel' is invalid in C99 [-Werror,-Wimplicit-function-declaration]
  pthread_cancel(thread);
  ^
/home/viktor/Viktor_Files/RPO_Files/libs/mbedtls/build/x86_64/CMakeFiles/CMakeTmp/src.c:13:3: note: did you mean 'pthread_once'?
/home/viktor/Android/Sdk/ndk/23.1.7779620/toolchains/llvm/prebuilt/linux-x86_64/sysroot/usr/include/pthread.h:275:5: note: 'pthread_once' declared here
int pthread_once(pthread_once_t* __once, void (*__init_routine)(void));
    ^
1 error generated.
make[1]: *** [CMakeFiles/cmTC_b39a3.dir/build.make:79: CMakeFiles/cmTC_b39a3.dir/src.c.o] Ошибка 1
make[1]: выход из каталога «/home/viktor/Viktor_Files/RPO_Files/libs/mbedtls/build/x86_64/CMakeFiles/CMakeTmp»
make: *** [Makefile:127: cmTC_b39a3/fast] Ошибка 2


Source file was:
#include <pthread.h>

static void* test_func(void* data)
{
  return data;
}

int main(void)
{
  pthread_t thread;
  pthread_create(&thread, NULL, test_func, NULL);
  pthread_detach(thread);
  pthread_cancel(thread);
  pthread_join(thread, NULL);
  pthread_atfork(NULL, NULL, NULL);
  pthread_exit(NULL);

  return 0;
}

Determining if the function pthread_create exists in the pthreads failed with the following output:
Change Dir: /home/viktor/Viktor_Files/RPO_Files/libs/mbedtls/build/x86_64/CMakeFiles/CMakeTmp

Run Build Command(s):/usr/bin/make -f Makefile cmTC_921ab/fast && /usr/bin/make  -f CMakeFiles/cmTC_921ab.dir/build.make CMakeFiles/cmTC_921ab.dir/build
make[1]: вход в каталог «/home/viktor/Viktor_Files/RPO_Files/libs/mbedtls/build/x86_64/CMakeFiles/CMakeTmp»
Building C object CMakeFiles/cmTC_921ab.dir/CheckFunctionExists.c.o
/home/viktor/Android/Sdk/ndk/23.1.7779620/toolchains/llvm/prebuilt/linux-x86_64/bin/clang --target=x86_64-none-linux-android21 --sysroot=/home/viktor/Android/Sdk/ndk/23.1.7779620/toolchains/llvm/prebuilt/linux-x86_64/sysroot   -DANDROID -fdata-sections -ffunction-sections -funwind-tables -fstack-protector-strong -no-canonical-prefixes -D_FORTIFY_SOURCE=2 -Wformat -Werror=format-security -fexceptions -Wall -Wextra -Wwrite-strings -Wpointer-arith -Wimplicit-fallthrough -Wshadow -Wvla -Wformat=2 -Wno-format-nonliteral -Werror -DCHECK_FUNCTION_EXISTS=pthread_create -O2 -g -DNDEBUG -fPIE -MD -MT CMakeFiles/cmTC_921ab.dir/CheckFunctionExists.c.o -MF CMakeFiles/cmTC_921ab.dir/CheckFunctionExists.c.o.d -o CMakeFiles/cmTC_921ab.dir/CheckFunctionExists.c.o -c /snap/cmake/1035/share/cmake-3.22/Modules/CheckFunctionExists.c
Linking C executable cmTC_921ab
/snap/cmake/1035/bin/cmake -E cmake_link_script CMakeFiles/cmTC_921ab.dir/link.txt --verbose=1
/home/viktor/Android/Sdk/ndk/23.1.7779620/toolchains/llvm/prebuilt/linux-x86_64/bin/clang --target=x86_64-none-linux-android21 --sysroot=/home/viktor/Android/Sdk/ndk/23.1.7779620/toolchains/llvm/prebuilt/linux-x86_64/sysroot -DANDROID -fdata-sections -ffunction-sections -funwind-tables -fstack-protector-strong -no-canonical-prefixes -D_FORTIFY_SOURCE=2 -Wformat -Werror=format-security -fexceptions -Wall -Wextra -Wwrite-strings -Wpointer-arith -Wimplicit-fallthrough -Wshadow -Wvla -Wformat=2 -Wno-format-nonliteral -Werror -DCHECK_FUNCTION_EXISTS=pthread_create -O2 -g -DNDEBUG -Wl,--build-id=sha1 -Wl,--no-rosegment -Wl,--fatal-warnings -Qunused-arguments -Wl,--no-undefined  -Wl,--gc-sections  CMakeFiles/cmTC_921ab.dir/CheckFunctionExists.c.o -o cmTC_921ab  -lpthreads  -latomic -lm 
ld: error: unable to find library -lpthreads
clang: error: linker command failed with exit code 1 (use -v to see invocation)
make[1]: *** [CMakeFiles/cmTC_921ab.dir/build.make:100: cmTC_921ab] Ошибка 1
make[1]: выход из каталога «/home/viktor/Viktor_Files/RPO_Files/libs/mbedtls/build/x86_64/CMakeFiles/CMakeTmp»
make: *** [Makefile:127: cmTC_921ab/fast] Ошибка 2



Determining if the function pthread_create exists in the pthread failed with the following output:
Change Dir: /home/viktor/Viktor_Files/RPO_Files/libs/mbedtls/build/x86_64/CMakeFiles/CMakeTmp

Run Build Command(s):/usr/bin/make -f Makefile cmTC_da33f/fast && /usr/bin/make  -f CMakeFiles/cmTC_da33f.dir/build.make CMakeFiles/cmTC_da33f.dir/build
make[1]: вход в каталог «/home/viktor/Viktor_Files/RPO_Files/libs/mbedtls/build/x86_64/CMakeFiles/CMakeTmp»
Building C object CMakeFiles/cmTC_da33f.dir/CheckFunctionExists.c.o
/home/viktor/Android/Sdk/ndk/23.1.7779620/toolchains/llvm/prebuilt/linux-x86_64/bin/clang --target=x86_64-none-linux-android21 --sysroot=/home/viktor/Android/Sdk/ndk/23.1.7779620/toolchains/llvm/prebuilt/linux-x86_64/sysroot   -DANDROID -fdata-sections -ffunction-sections -funwind-tables -fstack-protector-strong -no-canonical-prefixes -D_FORTIFY_SOURCE=2 -Wformat -Werror=format-security -fexceptions -Wall -Wextra -Wwrite-strings -Wpointer-arith -Wimplicit-fallthrough -Wshadow -Wvla -Wformat=2 -Wno-format-nonliteral -Werror -DCHECK_FUNCTION_EXISTS=pthread_create -O2 -g -DNDEBUG -fPIE -MD -MT CMakeFiles/cmTC_da33f.dir/CheckFunctionExists.c.o -MF CMakeFiles/cmTC_da33f.dir/CheckFunctionExists.c.o.d -o CMakeFiles/cmTC_da33f.dir/CheckFunctionExists.c.o -c /snap/cmake/1035/share/cmake-3.22/Modules/CheckFunctionExists.c
Linking C executable cmTC_da33f
/snap/cmake/1035/bin/cmake -E cmake_link_script CMakeFiles/cmTC_da33f.dir/link.txt --verbose=1
/home/viktor/Android/Sdk/ndk/23.1.7779620/toolchains/llvm/prebuilt/linux-x86_64/bin/clang --target=x86_64-none-linux-android21 --sysroot=/home/viktor/Android/Sdk/ndk/23.1.7779620/toolchains/llvm/prebuilt/linux-x86_64/sysroot -DANDROID -fdata-sections -ffunction-sections -funwind-tables -fstack-protector-strong -no-canonical-prefixes -D_FORTIFY_SOURCE=2 -Wformat -Werror=format-security -fexceptions -Wall -Wextra -Wwrite-strings -Wpointer-arith -Wimplicit-fallthrough -Wshadow -Wvla -Wformat=2 -Wno-format-nonliteral -Werror -DCHECK_FUNCTION_EXISTS=pthread_create -O2 -g -DNDEBUG -Wl,--build-id=sha1 -Wl,--no-rosegment -Wl,--fatal-warnings -Qunused-arguments -Wl,--no-undefined  -Wl,--gc-sections  CMakeFiles/cmTC_da33f.dir/CheckFunctionExists.c.o -o cmTC_da33f  -lpthread  -latomic -lm 
ld: error: unable to find library -lpthread
clang: error: linker command failed with exit code 1 (use -v to see invocation)
make[1]: *** [CMakeFiles/cmTC_da33f.dir/build.make:100: cmTC_da33f] Ошибка 1
make[1]: выход из каталога «/home/viktor/Viktor_Files/RPO_Files/libs/mbedtls/build/x86_64/CMakeFiles/CMakeTmp»
make: *** [Makefile:127: cmTC_da33f/fast] Ошибка 2



